<?xml version="1.0" encoding="UTF-8"?>
<testsuite name="domain.verification.UserTest" tests="5" skipped="0" failures="0" errors="0" timestamp="2018-12-24T12:49:14" hostname="Laptop-Ruben" time="0.561">
  <properties/>
  <testcase name="compareTo" classname="domain.verification.UserTest" time="0.0"/>
  <testcase name="testWins" classname="domain.verification.UserTest" time="0.0"/>
  <testcase name="verify" classname="domain.verification.UserTest" time="0.559"/>
  <testcase name="testUsername" classname="domain.verification.UserTest" time="0.0"/>
  <testcase name="testPassword" classname="domain.verification.UserTest" time="0.0"/>
  <system-out><![CDATA[]]></system-out>
  <system-err><![CDATA[]]></system-err>
</testsuite>
